E:\DEV\P1\P1\DEBUG\P1.PCH
E:\DEV\P1\P1\DEBUG\STDAFX.OBJ
E:\DEV\P1\P1\DEBUG\VC110.PDB
E:\DEV\P1\P1\DEBUG\P1.OBJ
E:\DEV\P1\DEBUG\P1.ILK
E:\DEV\P1\DEBUG\P1.EXE
E:\DEV\P1\DEBUG\P1.PDB
E:\dev\p1\P1\Debug\P1.obj
E:\dev\p1\P1\Debug\stdafx.obj
E:\dev\p1\P1\Debug\cl.command.1.tlog
E:\dev\p1\P1\Debug\CL.read.1.tlog
E:\dev\p1\P1\Debug\CL.write.1.tlog
E:\dev\p1\P1\Debug\link-cvtres.read.1.tlog
E:\dev\p1\P1\Debug\link-cvtres.write.1.tlog
E:\dev\p1\P1\Debug\link-rc.read.1.tlog
E:\dev\p1\P1\Debug\link-rc.write.1.tlog
E:\dev\p1\P1\Debug\link.command.1.tlog
E:\dev\p1\P1\Debug\link.read.1.tlog
E:\dev\p1\P1\Debug\link.write.1.tlog
E:\dev\p1\P1\Debug\P1.pch
E:\dev\p1\P1\Debug\vc110.idb
E:\dev\p1\P1\Debug\vc110.pdb
E:\dev\p1\Debug\P1.pdb
E:\dev\p1\Debug\P1.exe
E:\dev\p1\Debug\P1.ilk
